#-----------------------------------------------------------
# Vivado v2019.2 (64-bit)
# SW Build 2708876 on Wed Nov  6 21:40:23 MST 2019
# IP Build 2700528 on Thu Nov  7 00:09:20 MST 2019
# Start of session at: Tue Nov 21 10:13:01 2023
# Process ID: 4956
# Current directory: C:/Users/niels/Documents/Bachelor IoT 23-24/23-24 Digital sytem development/project/geometry-dash/project
# Command line: vivado.exe -gui_launcher_event rodinguilauncherevent9620 C:\Users\niels\Documents\Bachelor IoT 23-24\23-24 Digital sytem development\project\geometry-dash\project\project.xpr
# Log file: C:/Users/niels/Documents/Bachelor IoT 23-24/23-24 Digital sytem development/project/geometry-dash/project/vivado.log
# Journal file: C:/Users/niels/Documents/Bachelor IoT 23-24/23-24 Digital sytem development/project/geometry-dash/project\vivado.jou
#-----------------------------------------------------------
start_gui
open_project {C:/Users/niels/Documents/Bachelor IoT 23-24/23-24 Digital sytem development/project/geometry-dash/project/project.xpr}
INFO: [ProjectBase 1-489] The host OS only allows 260 characters in a normal path. The project is stored in a path with more than 80 characters. If you experience issues with IP, Block Designs, or files not being found, please consider moving the project to a location with a shorter path. Alternately consider using the OS subst command to map part of the path to a drive letter.
Current project path is 'C:/Users/niels/Documents/Bachelor IoT 23-24/23-24 Digital sytem development/project/geometry-dash/project'
CRITICAL WARNING: [Project 1-19] Could not find the file 'C:/Users/niels/Documents/Bachelor IoT 23-24/23-24 Digital sytem development/project/fpga-projects-master/DontHitTheBars/clk_wiz_0/clk_wiz_0.xci'.
Scanning sources...
Finished scanning sources
ERROR: [IP_Flow 19-993] Could not find IP file for IP 'clk_wiz_0'.
CRITICAL WARNING: [IP_Flow 19-5097] Unable to determine VLNV from IP file; verify it has the correct syntax: 
INFO: [IP_Flow 19-234] Refreshing IP repositories
INFO: [IP_Flow 19-1704] No user IP repositories specified
INFO: [IP_Flow 19-2313] Loaded Vivado IP repository 'C:/Users/niels/Documents/Vivado/Vivado/2019.2/data/ip'.
open_project: Time (s): cpu = 00:00:16 ; elapsed = 00:00:07 . Memory (MB): peak = 677.230 ; gain = 59.043
ERROR: [Common 17-39] 'open_project' failed due to earlier errors.
update_compile_order -fileset sources_1
import_files {{C:/Users/niels/Documents/Bachelor IoT 23-24/23-24 Digital sytem development/fpga-projects-master/DontHitTheBars/clk_wiz_0/clk_wiz_0.xci}}
WARNING: [filemgmt 20-354] The following file(s) were not imported. Local copy of file(s) already exists:
C:/Users/niels/Documents/Bachelor IoT 23-24/23-24 Digital sytem development/fpga-projects-master/DontHitTheBars/clk_wiz_0/clk_wiz_0.xci
Hint: use the '-force' option to overwrite the local copies.
export_ip_user_files -of_objects  [get_files  {{C:/Users/niels/Documents/Bachelor IoT 23-24/23-24 Digital sytem development/fpga-projects-master/DontHitTheBars/clk_wiz_0/clk_wiz_0.xci}}] -lib_map_path [list {modelsim=C:/Users/niels/Documents/Bachelor IoT 23-24/23-24 Digital sytem development/project/geometry-dash/project/project.cache/compile_simlib/modelsim} {questa=C:/Users/niels/Documents/Bachelor IoT 23-24/23-24 Digital sytem development/project/geometry-dash/project/project.cache/compile_simlib/questa} {riviera=C:/Users/niels/Documents/Bachelor IoT 23-24/23-24 Digital sytem development/project/geometry-dash/project/project.cache/compile_simlib/riviera} {activehdl=C:/Users/niels/Documents/Bachelor IoT 23-24/23-24 Digital sytem development/project/geometry-dash/project/project.cache/compile_simlib/activehdl}] -force -quiet
update_compile_order -fileset sources_1
import_files -force -norecurse {{C:/Users/niels/Documents/Bachelor IoT 23-24/23-24 Digital sytem development/fpga-projects-master/DontHitTheBars/clk_wiz_0/clk_wiz_0.xci}}
WARNING: [IP_Flow 19-2162] IP 'clk_wiz_0' is locked:
* IP definition 'Clocking Wizard (5.3)' for IP 'clk_wiz_0' (customized with software release 2016.4) has a newer major version in the IP Catalog.
export_ip_user_files -of_objects  [get_files  {{C:/Users/niels/Documents/Bachelor IoT 23-24/23-24 Digital sytem development/project/geometry-dash/project/project.srcs/sources_1/ip/clk_wiz_0/clk_wiz_0.xci}}] -lib_map_path [list {modelsim=C:/Users/niels/Documents/Bachelor IoT 23-24/23-24 Digital sytem development/project/geometry-dash/project/project.cache/compile_simlib/modelsim} {questa=C:/Users/niels/Documents/Bachelor IoT 23-24/23-24 Digital sytem development/project/geometry-dash/project/project.cache/compile_simlib/questa} {riviera=C:/Users/niels/Documents/Bachelor IoT 23-24/23-24 Digital sytem development/project/geometry-dash/project/project.cache/compile_simlib/riviera} {activehdl=C:/Users/niels/Documents/Bachelor IoT 23-24/23-24 Digital sytem development/project/geometry-dash/project/project.cache/compile_simlib/activehdl}] -force -quiet
update_compile_order -fileset sources_1
export_ip_user_files -of_objects  [get_files {{C:/Users/niels/Documents/Bachelor IoT 23-24/23-24 Digital sytem development/project/geometry-dash/project/project.srcs/sources_1/imports/new/PS2_CR.vhd}}] -no_script -reset -force -quiet
export_ip_user_files -of_objects  [get_files {{C:/Users/niels/Documents/Bachelor IoT 23-24/23-24 Digital sytem development/project/geometry-dash/project/project.srcs/sources_1/imports/new/top_PS2_CR.vhd}}] -no_script -reset -force -quiet
remove_files  {{C:/Users/niels/Documents/Bachelor IoT 23-24/23-24 Digital sytem development/project/geometry-dash/project/project.srcs/sources_1/imports/new/PS2_CR.vhd} {C:/Users/niels/Documents/Bachelor IoT 23-24/23-24 Digital sytem development/project/geometry-dash/project/project.srcs/sources_1/imports/new/top_PS2_CR.vhd}}
export_ip_user_files -of_objects  [get_files {{C:/Users/niels/Documents/Bachelor IoT 23-24/23-24 Digital sytem development/project/geometry-dash/project/project.srcs/sources_1/imports/new/PS2.vhd}}] -no_script -reset -force -quiet
remove_files  {{C:/Users/niels/Documents/Bachelor IoT 23-24/23-24 Digital sytem development/project/geometry-dash/project/project.srcs/sources_1/imports/new/PS2.vhd}}
remove_files  {{C:/Users/niels/Documents/Bachelor IoT 23-24/23-24 Digital sytem development/project/geometry-dash/project/project.srcs/sources_1/imports/new/PS2.vhd}}
WARNING: [Vivado 12-818] No files matched 'C:/Users/niels/Documents/Bachelor IoT 23-24/23-24 Digital sytem development/project/geometry-dash/project/project.srcs/sources_1/imports/new/PS2.vhd'
exit
INFO: [Common 17-206] Exiting Vivado at Tue Nov 21 11:36:47 2023...
