#-----------------------------------------------------------
# Vivado v2019.2 (64-bit)
# SW Build 2708876 on Wed Nov  6 21:40:23 MST 2019
# IP Build 2700528 on Thu Nov  7 00:09:20 MST 2019
# Start of session at: Tue Dec 26 11:21:41 2023
# Process ID: 2084
# Current directory: C:/Users/niels/Documents/Bachelor IoT 23-24/23-24 Digital sytem development/project/geometry-dash/project
# Command line: vivado.exe -gui_launcher_event rodinguilauncherevent10516 C:\Users\niels\Documents\Bachelor IoT 23-24\23-24 Digital sytem development\project\geometry-dash\project\project.xpr
# Log file: C:/Users/niels/Documents/Bachelor IoT 23-24/23-24 Digital sytem development/project/geometry-dash/project/vivado.log
# Journal file: C:/Users/niels/Documents/Bachelor IoT 23-24/23-24 Digital sytem development/project/geometry-dash/project\vivado.jou
#-----------------------------------------------------------
start_gui
open_project {C:/Users/niels/Documents/Bachelor IoT 23-24/23-24 Digital sytem development/project/geometry-dash/project/project.xpr}
INFO: [ProjectBase 1-489] The host OS only allows 260 characters in a normal path. The project is stored in a path with more than 80 characters. If you experience issues with IP, Block Designs, or files not being found, please consider moving the project to a location with a shorter path. Alternately consider using the OS subst command to map part of the path to a drive letter.
Current project path is 'C:/Users/niels/Documents/Bachelor IoT 23-24/23-24 Digital sytem development/project/geometry-dash/project'
CRITICAL WARNING: [Project 1-19] Could not find the file 'C:/Users/niels/Documents/Bachelor IoT 23-24/23-24 Digital sytem development/project/fpga-projects-master/DontHitTheBars/clk_wiz_0/clk_wiz_0.xci'.
Scanning sources...
Finished scanning sources
INFO: [IP_Flow 19-234] Refreshing IP repositories
INFO: [IP_Flow 19-1704] No user IP repositories specified
INFO: [IP_Flow 19-2313] Loaded Vivado IP repository 'C:/Users/niels/Documents/Vivado/Vivado/2019.2/data/ip'.
WARNING: [IP_Flow 19-2162] IP 'clk_wiz_0' is locked:
* IP definition 'Clocking Wizard (5.3)' for IP 'clk_wiz_0' (customized with software release 2016.4) has a newer major version in the IP Catalog.
ERROR: [IP_Flow 19-993] Could not find IP file for IP 'clk_wiz_0'.
CRITICAL WARNING: [IP_Flow 19-5097] Unable to determine VLNV from IP file; verify it has the correct syntax: 
open_project: Time (s): cpu = 00:00:21 ; elapsed = 00:00:10 . Memory (MB): peak = 698.492 ; gain = 78.184
ERROR: [Common 17-39] 'open_project' failed due to earlier errors.
update_compile_order -fileset sources_1
open_hw_manager
connect_hw_server -allow_non_jtag
INFO: [Labtools 27-2285] Connecting to hw_server url TCP:localhost:3121
INFO: [Labtools 27-2222] Launching hw_server...
INFO: [Labtools 27-2221] Launch Output:

****** Xilinx hw_server v2019.2
  **** Build date : Nov  6 2019 at 22:12:23
    ** Copyright 1986-2019 Xilinx, Inc. All Rights Reserved.


INFO: [Labtools 27-3415] Connecting to cs_server url TCP:localhost:3042
INFO: [Labtools 27-3417] Launching cs_server...
INFO: [Labtools 27-2221] Launch Output:


****** Xilinx cs_server v2019.2.0
  **** Build date : Nov 07 2019-06:28:22
    ** Copyright 2017-2019 Xilinx, Inc. All Rights Reserved.



connect_hw_server: Time (s): cpu = 00:00:03 ; elapsed = 00:00:09 . Memory (MB): peak = 879.391 ; gain = 27.547
open_hw_target
INFO: [Labtoolstcl 44-466] Opening hw_target localhost:3121/xilinx_tcf/Digilent/210183AB4040A
open_hw_target: Time (s): cpu = 00:00:07 ; elapsed = 00:00:07 . Memory (MB): peak = 2106.352 ; gain = 1226.961
set_property PROGRAM.FILE {C:/Users/niels/Documents/Bachelor IoT 23-24/23-24 Digital sytem development/project/geometry-dash/project/project.runs/impl_1/game.bit} [get_hw_devices xc7a35t_0]
current_hw_device [get_hw_devices xc7a35t_0]
refresh_hw_device -update_hw_probes false [lindex [get_hw_devices xc7a35t_0] 0]
INFO: [Labtools 27-1435] Device xc7a35t (JTAG device index = 0) is not programmed (DONE status = 0).
set_property PROBES.FILE {} [get_hw_devices xc7a35t_0]
set_property FULL_PROBES.FILE {} [get_hw_devices xc7a35t_0]
set_property PROGRAM.FILE {C:/Users/niels/Documents/Bachelor IoT 23-24/23-24 Digital sytem development/project/geometry-dash/project/project.runs/impl_1/game.bit} [get_hw_devices xc7a35t_0]
program_hw_devices [get_hw_devices xc7a35t_0]
INFO: [Labtools 27-3164] End of startup status: HIGH
refresh_hw_device [lindex [get_hw_devices xc7a35t_0] 0]
INFO: [Labtools 27-1434] Device xc7a35t (JTAG device index = 0) is programmed with a design that has no supported debug core(s) in it.
exit
INFO: [Common 17-206] Exiting Vivado at Tue Dec 26 11:24:46 2023...
